2025-09-07 16:33:54,196 - WARNING - Đặt lại mật khẩu: slice
2025-09-07 17:03:43,203 - INFO - Đăng ký: lice
2025-09-07 18:26:26,327 - INFO - Đăng ký: nlice
2025-09-07 18:29:47,871 - INFO - Đăng ký: ndlice
2025-09-09 15:08:11,811 - INFO - Đăng nhập: alice
2025-09-09 15:09:11,793 - INFO - Đăng ký: dlice
2025-09-09 15:14:46,025 - INFO - Offline: alice
2025-09-09 15:16:07,191 - INFO - Offline: alice
2025-09-09 15:17:19,206 - INFO - Offline: alice
2025-09-09 15:17:34,398 - INFO - Offline: alice
2025-09-09 15:18:52,097 - INFO - Đổi mật khẩu: alice
2025-09-09 15:19:28,818 - WARNING - Xóa tài khoản: alice
2025-09-09 15:20:10,655 - INFO - Đăng nhập: slice
2025-09-09 15:20:10,655 - INFO - Đăng ký: slice
2025-09-09 15:20:10,656 - INFO - Đăng xuất: slice
2025-09-09 15:20:10,656 - INFO - Offline: slice
2025-09-09 15:20:10,656 - WARNING - Xóa tài khoản: slice
2025-09-09 15:20:10,656 - INFO - Đổi mật khẩu: slice
2025-09-09 15:20:10,656 - WARNING - Đặt lại mật khẩu: slice
2025-09-09 15:20:24,547 - INFO - Đăng nhập: slice
2025-09-09 15:20:24,547 - INFO - Đăng ký: slice
2025-09-09 15:20:24,547 - INFO - Đăng xuất: slice
2025-09-09 15:20:24,547 - INFO - Offline: slice
2025-09-09 15:20:24,548 - WARNING - Xóa tài khoản: slice
2025-09-09 15:20:24,548 - INFO - Đổi mật khẩu: slice
2025-09-09 15:20:24,548 - WARNING - Đặt lại mật khẩu: slice
2025-09-09 15:21:22,474 - INFO - Đăng nhập: slice
2025-09-09 15:21:22,474 - INFO - Đăng ký: slice
2025-09-09 15:21:22,474 - INFO - Đăng xuất: slice
2025-09-09 15:21:22,474 - INFO - Offline: slice
2025-09-09 15:21:22,474 - WARNING - Xóa tài khoản: slice
2025-09-09 15:21:22,474 - INFO - Đổi mật khẩu: slice
2025-09-09 15:21:22,475 - WARNING - Đặt lại mật khẩu: slice
2025-09-09 17:25:31,853 - INFO - Đăng nhập: slice
2025-09-09 17:25:31,855 - INFO - Đăng ký: slice
2025-09-09 17:25:31,855 - INFO - Đăng xuất: slice
2025-09-09 17:25:31,855 - INFO - Offline: slice
2025-09-09 17:25:31,855 - WARNING - Xóa tài khoản: slice
2025-09-09 17:25:31,855 - INFO - Đổi mật khẩu: slice
2025-09-09 17:25:31,855 - WARNING - Đặt lại mật khẩu: slice
2025-09-09 17:25:48,948 - INFO - Đăng nhập: slice
2025-09-09 17:25:48,948 - INFO - Đăng ký: slice
2025-09-09 17:25:48,948 - INFO - Đăng xuất: slice
2025-09-09 17:25:48,948 - INFO - Offline: slice
2025-09-09 17:25:48,949 - WARNING - Xóa tài khoản: slice
2025-09-09 17:25:48,949 - INFO - Đổi mật khẩu: slice
2025-09-09 17:25:48,949 - WARNING - Đặt lại mật khẩu: slice
