2025-09-07 16:33:54,196 - WARNING - Đặt lại mật khẩu: slice
2025-09-07 17:03:43,203 - INFO - Đăng ký: lice
2025-09-07 18:26:26,327 - INFO - Đăng ký: nlice
2025-09-07 18:29:47,871 - INFO - Đăng ký: ndlice
2025-09-09 15:08:11,811 - INFO - Đăng nhập: alice
2025-09-09 15:09:11,793 - INFO - Đăng ký: dlice
2025-09-09 15:14:46,025 - INFO - Offline: alice
2025-09-09 15:16:07,191 - INFO - Offline: alice
2025-09-09 15:17:19,206 - INFO - Offline: alice
2025-09-09 15:17:34,398 - INFO - Offline: alice
2025-09-09 15:18:52,097 - INFO - Đổi mật khẩu: alice
2025-09-09 15:19:28,818 - WARNING - Xóa tài khoản: alice
2025-09-09 15:20:10,655 - INFO - Đăng nhập: slice
2025-09-09 15:20:10,655 - INFO - Đăng ký: slice
2025-09-09 15:20:10,656 - INFO - Đăng xuất: slice
2025-09-09 15:20:10,656 - INFO - Offline: slice
2025-09-09 15:20:10,656 - WARNING - Xóa tài khoản: slice
2025-09-09 15:20:10,656 - INFO - Đổi mật khẩu: slice
2025-09-09 15:20:10,656 - WARNING - Đặt lại mật khẩu: slice
2025-09-09 15:20:24,547 - INFO - Đăng nhập: slice
2025-09-09 15:20:24,547 - INFO - Đăng ký: slice
2025-09-09 15:20:24,547 - INFO - Đăng xuất: slice
2025-09-09 15:20:24,547 - INFO - Offline: slice
2025-09-09 15:20:24,548 - WARNING - Xóa tài khoản: slice
2025-09-09 15:20:24,548 - INFO - Đổi mật khẩu: slice
2025-09-09 15:20:24,548 - WARNING - Đặt lại mật khẩu: slice
2025-09-09 15:21:22,474 - INFO - Đăng nhập: slice
2025-09-09 15:21:22,474 - INFO - Đăng ký: slice
2025-09-09 15:21:22,474 - INFO - Đăng xuất: slice
2025-09-09 15:21:22,474 - INFO - Offline: slice
2025-09-09 15:21:22,474 - WARNING - Xóa tài khoản: slice
2025-09-09 15:21:22,474 - INFO - Đổi mật khẩu: slice
2025-09-09 15:21:22,475 - WARNING - Đặt lại mật khẩu: slice
2025-09-09 17:25:31,853 - INFO - Đăng nhập: slice
2025-09-09 17:25:31,855 - INFO - Đăng ký: slice
2025-09-09 17:25:31,855 - INFO - Đăng xuất: slice
2025-09-09 17:25:31,855 - INFO - Offline: slice
2025-09-09 17:25:31,855 - WARNING - Xóa tài khoản: slice
2025-09-09 17:25:31,855 - INFO - Đổi mật khẩu: slice
2025-09-09 17:25:31,855 - WARNING - Đặt lại mật khẩu: slice
2025-09-09 17:25:48,948 - INFO - Đăng nhập: slice
2025-09-09 17:25:48,948 - INFO - Đăng ký: slice
2025-09-09 17:25:48,948 - INFO - Đăng xuất: slice
2025-09-09 17:25:48,948 - INFO - Offline: slice
2025-09-09 17:25:48,949 - WARNING - Xóa tài khoản: slice
2025-09-09 17:25:48,949 - INFO - Đổi mật khẩu: slice
2025-09-09 17:25:48,949 - WARNING - Đặt lại mật khẩu: slice
2025-09-13 16:21:58,255 - WARNING - Đặt lại mật khẩu: ndlice
2025-09-13 16:22:10,769 - WARNING - Đặt lại mật khẩu: ndlice
2025-09-13 16:22:33,943 - INFO - Đăng nhập: ndlice
2025-09-13 16:43:31,279 - INFO - Đăng nhập: ndlice
2025-09-13 16:44:23,055 - INFO - Đăng nhập: ndlice
2025-09-13 16:44:24,145 - INFO - Đăng nhập: ndlice
2025-09-13 16:44:25,019 - INFO - Đăng nhập: ndlice
2025-09-13 16:44:28,533 - INFO - Đăng nhập: ndlice
2025-09-13 16:46:32,648 - INFO - Đăng nhập: ndlice
2025-09-13 16:56:24,269 - INFO - Đăng nhập: ndlice
2025-09-13 17:01:13,330 - INFO - Đăng nhập: ndlice
2025-09-13 17:02:32,041 - INFO - Đăng nhập: ndlice
2025-09-13 17:03:54,323 - INFO - Đăng nhập: ndlice
2025-09-13 17:03:56,260 - INFO - Đăng nhập: ndlice
2025-09-13 17:05:39,893 - INFO - Đăng nhập: ndlice
2025-09-13 17:05:41,394 - INFO - Đăng nhập: ndlice
2025-09-13 17:05:57,898 - INFO - Đăng nhập: ndlice
2025-09-13 17:05:58,675 - INFO - Đăng nhập: ndlice
2025-09-13 17:06:07,449 - INFO - Đăng nhập: ndlice
2025-09-13 17:06:08,149 - INFO - Đăng nhập: ndlice
2025-09-13 17:06:34,781 - INFO - Đăng nhập: ndlice
2025-09-13 17:10:19,930 - INFO - Đăng nhập: ndlice
2025-09-13 17:11:44,935 - INFO - Đăng nhập: ndlice
2025-09-13 17:14:03,209 - INFO - Đăng nhập: ndlice
2025-09-13 17:14:41,127 - INFO - Đăng nhập: ndlice
2025-09-13 17:17:39,109 - INFO - Đăng nhập: ndlice
2025-09-13 17:18:21,087 - INFO - Đăng nhập: ndlice
2025-09-13 17:19:29,408 - INFO - Đăng nhập: ndlice
2025-09-13 17:20:11,363 - INFO - Đăng nhập: ndlice
2025-09-13 17:20:23,037 - INFO - Đăng nhập: ndlice
2025-09-13 17:20:45,241 - INFO - Đăng nhập: ndlice
2025-09-13 17:20:45,883 - INFO - Đăng nhập: ndlice
2025-09-13 17:23:04,877 - INFO - Đăng nhập: ndlice
2025-09-13 17:23:05,710 - INFO - Đăng nhập: ndlice
2025-09-13 17:23:24,278 - INFO - Đăng nhập: ndlice
2025-09-13 17:23:50,026 - INFO - Đăng nhập: ndlice
2025-09-13 17:23:57,342 - INFO - Đăng nhập: ndlice
2025-09-13 17:25:21,140 - INFO - Đăng nhập: ndlice
2025-09-13 17:25:54,158 - INFO - Đăng nhập: ndlice
2025-09-13 17:25:57,947 - INFO - Đăng nhập: ndlice
2025-09-13 17:26:16,007 - INFO - Đăng nhập: ndlice
2025-09-13 17:26:24,340 - INFO - Đăng nhập: ndlice
2025-09-13 17:26:25,354 - INFO - Đăng nhập: ndlice
2025-09-13 17:27:46,932 - INFO - Đăng nhập: ndlice
2025-09-13 17:27:52,885 - INFO - Đăng nhập: ndlice
2025-09-13 17:28:01,073 - INFO - Đăng nhập: ndlice
2025-09-13 17:28:01,607 - INFO - Đăng nhập: ndlice
2025-09-13 17:28:14,743 - INFO - Đăng nhập: ndlice
2025-09-13 17:28:42,231 - INFO - Đăng nhập: ndlice
2025-09-13 17:29:32,650 - INFO - Đăng nhập: ndlice
2025-09-13 17:29:59,097 - INFO - Đăng nhập: ndlice
2025-09-13 17:30:08,772 - INFO - Đăng nhập: ndlice
2025-09-13 17:30:15,371 - INFO - Đăng nhập: ndlice
2025-09-13 17:30:30,472 - INFO - Đăng nhập: ndlice
2025-09-13 17:31:21,399 - INFO - Đăng nhập: ndlice
2025-09-13 17:31:27,008 - INFO - Đăng nhập: ndlice
2025-09-13 17:31:32,565 - INFO - Đăng nhập: ndlice
2025-09-13 17:31:36,311 - INFO - Đăng nhập: ndlice
2025-09-13 17:31:48,478 - INFO - Đăng nhập: ndlice
2025-09-13 17:31:50,963 - INFO - Đăng nhập: ndlice
2025-09-13 17:32:03,605 - INFO - Đăng nhập: ndlice
2025-09-13 17:32:07,284 - INFO - Đăng nhập: ndlice
2025-09-13 17:33:05,675 - INFO - Đăng nhập: ndlice
2025-09-13 17:33:18,766 - INFO - Đăng nhập: ndlice
2025-09-13 17:36:04,395 - INFO - Đăng nhập: ndlice
2025-09-13 17:36:27,109 - INFO - Đăng nhập: ndlice
2025-09-13 17:36:27,835 - INFO - Đăng nhập: ndlice
2025-09-13 17:36:28,034 - INFO - Đăng nhập: ndlice
2025-09-13 17:36:28,209 - INFO - Đăng nhập: ndlice
2025-09-13 17:38:04,149 - INFO - Đăng nhập: ndlice
2025-09-13 17:38:29,574 - INFO - Đăng nhập: ndlice
2025-09-13 17:38:38,483 - INFO - Đăng nhập: ndlice
2025-09-13 17:38:41,466 - INFO - Đăng nhập: ndlice
2025-09-13 17:39:17,270 - INFO - Đăng nhập: ndlice
2025-09-13 17:40:02,792 - INFO - Đăng nhập: ndlice
2025-09-13 17:40:45,698 - INFO - Đăng nhập: ndlice
2025-09-13 17:40:49,659 - INFO - Đăng nhập: ndlice
2025-09-13 17:41:49,243 - INFO - Đăng nhập: ndlice
2025-09-13 17:41:50,516 - INFO - Đăng nhập: ndlice
2025-09-13 17:41:54,452 - INFO - Đăng nhập: ndlice
2025-09-13 17:41:58,584 - INFO - Đăng nhập: ndlice
2025-09-13 17:42:04,514 - INFO - Đăng nhập: ndlice
2025-09-13 17:44:34,064 - INFO - Đăng nhập: ndlice
2025-09-13 17:45:17,785 - INFO - Đăng nhập: ndlice
2025-09-13 17:46:15,256 - INFO - Đăng nhập: ndlice
2025-09-13 17:53:33,923 - INFO - Đăng nhập: ndlice
2025-09-13 18:00:34,907 - INFO - Đăng nhập: ndlice
2025-09-13 18:22:25,218 - INFO - Đăng nhập: ndlice
2025-09-13 18:23:00,728 - INFO - Đăng nhập: ndlice
2025-09-13 18:28:52,008 - INFO - Đăng xuất: ndlice
2025-09-13 18:40:23,381 - INFO - Đăng nhập: ndlice
2025-09-13 18:40:32,411 - INFO - Đăng xuất: ndlice
2025-09-13 18:44:51,348 - INFO - Đăng nhập: ndlice
2025-09-13 18:44:52,745 - INFO - Đăng xuất: ndlice
2025-09-13 18:45:00,177 - INFO - Đăng nhập: ndlice
2025-09-13 18:47:20,783 - INFO - Đăng xuất: ndlice
2025-09-13 18:47:28,806 - INFO - Đăng nhập: ndlice
2025-09-13 18:49:24,401 - WARNING - Đặt lại mật khẩu: slice
2025-09-13 18:50:55,116 - INFO - Đăng nhập: ndlice
2025-09-13 18:51:05,688 - INFO - Đăng xuất: ndlice
2025-09-13 18:51:08,712 - INFO - Đăng xuất: ndlice
2025-09-13 18:51:18,121 - INFO - Đăng nhập: slice
2025-09-13 18:51:25,839 - INFO - Đăng nhập: ndlice
2025-09-13 18:51:33,123 - INFO - Đăng xuất: slice
2025-09-13 18:51:35,971 - INFO - Đăng xuất: ndlice
2025-09-13 18:53:46,570 - INFO - Đăng nhập: ndlice
2025-09-13 18:54:01,002 - INFO - Đăng nhập: slice
2025-09-13 19:08:04,316 - INFO - Đăng xuất: ndlice
2025-09-13 20:19:05,867 - INFO - Đăng nhập: ndlice
2025-09-13 20:19:30,032 - INFO - Đăng xuất: ndlice
2025-09-13 20:20:42,001 - INFO - Đăng nhập: ndlice
2025-09-13 20:21:22,206 - INFO - Đăng nhập: ndlice
2025-09-13 20:21:29,296 - INFO - Đăng xuất: ndlice
2025-09-13 20:21:38,238 - INFO - Đăng nhập: ndlice
2025-09-13 20:21:39,965 - INFO - Đăng xuất: ndlice
2025-09-13 20:21:50,295 - INFO - Đăng nhập: slice
2025-09-13 20:29:03,773 - INFO - Đăng xuất: None
2025-09-13 20:29:11,832 - INFO - Đăng nhập: ndlice
2025-09-13 20:32:34,387 - INFO - Đăng nhập: ndlice
2025-09-13 20:32:52,536 - INFO - Đăng nhập: ndlice
2025-09-15 13:53:27,354 - INFO - Đăng ký: sybau
2025-09-15 14:06:07,871 - INFO - Đăng nhập: sybau
2025-09-15 14:07:52,765 - INFO - Đăng xuất: sybau
2025-09-15 14:24:21,629 - INFO - Đăng nhập: sybau
2025-09-15 14:24:44,711 - INFO - Đăng nhập: sybau
2025-09-15 14:24:52,958 - INFO - Đăng nhập: sybau
2025-09-15 14:26:32,684 - INFO - Đăng nhập: sybau
2025-09-23 16:46:06,885 - INFO - Đăng nhập: sybau
2025-09-23 16:49:30,610 - INFO - Đăng ký: HNAT
2025-09-23 16:49:41,950 - INFO - Đăng nhập: HNAT
2025-09-23 16:53:48,302 - INFO - Đăng nhập: HNAT
2025-09-23 16:55:57,040 - INFO - Đăng xuất: HNAT
2025-09-23 17:02:49,085 - INFO - Đăng nhập: sybau
2025-09-23 17:02:51,938 - INFO - Đăng xuất: sybau
2025-09-23 17:04:18,628 - INFO - Đăng nhập: HNAT
2025-09-23 17:05:06,994 - INFO - Đăng nhập: HNAT
2025-09-23 17:05:45,216 - INFO - Đăng xuất: HNAT
2025-09-23 17:19:05,767 - INFO - Đăng xuất: HNAT
2025-09-24 10:16:00,458 - INFO - Đăng xuất: HNAT
2025-09-24 10:36:19,241 - INFO - Đăng xuất: HNAT
2025-09-24 16:13:59,708 - INFO - Đăng xuất: HNAT
2025-09-24 16:14:10,365 - INFO - Đăng nhập: HNAT
2025-09-24 16:14:15,262 - INFO - Đăng xuất: HNAT
2025-09-24 16:58:16,547 - INFO - Đăng xuất: HNAT
2025-09-24 17:01:25,549 - INFO - Đăng xuất: HNAT
2025-09-24 17:01:54,748 - WARNING - Đặt lại mật khẩu: HNAT
2025-09-24 17:01:57,702 - WARNING - Đặt lại mật khẩu: HNAT
2025-09-24 17:01:58,740 - WARNING - Đặt lại mật khẩu: HNAT
2025-09-24 17:01:58,901 - WARNING - Đặt lại mật khẩu: HNAT
2025-09-24 17:01:59,089 - WARNING - Đặt lại mật khẩu: HNAT
2025-09-24 17:02:00,064 - WARNING - Đặt lại mật khẩu: HNAT
2025-09-24 17:02:00,221 - WARNING - Đặt lại mật khẩu: HNAT
2025-09-24 17:06:03,459 - INFO - Đăng xuất: HNAT
2025-09-24 17:06:41,043 - WARNING - Đặt lại mật khẩu: HNAT
2025-09-24 17:07:39,350 - WARNING - Đặt lại mật khẩu: HNAT
2025-09-24 17:11:56,056 - INFO - Đăng xuất: HNAT
2025-09-24 17:14:16,043 - INFO - Đăng xuất: HNAT
2025-09-24 17:14:37,614 - WARNING - Đặt lại mật khẩu: HNAT
2025-09-24 17:14:44,313 - INFO - Đăng nhập: HNAT
2025-09-24 17:14:54,265 - INFO - Đăng xuất: HNAT
2025-09-26 10:47:33,937 - WARNING - Đặt lại mật khẩu: HNAT
2025-09-26 10:47:45,287 - INFO - Đăng nhập: HNAT
2025-09-26 10:47:47,969 - INFO - Đăng xuất: HNAT
2025-09-26 17:07:22,210 - INFO - Đăng xuất: HNAT
2025-09-26 17:11:47,897 - INFO - Đăng xuất: HNAT
2025-09-26 17:13:32,635 - INFO - Đăng xuất: HNAT
2026-01-01 13:21:18,258 - INFO - Đăng nhập: ndlice
2026-01-01 13:21:35,280 - INFO - Đăng xuất: ndlice
2026-01-01 13:21:44,754 - INFO - Đăng ký: 1
2026-01-01 13:21:58,244 - INFO - Đăng nhập: 1
2026-01-01 13:23:16,661 - INFO - Đăng xuất: 1
2026-01-01 13:25:42,972 - WARNING - Đặt lại mật khẩu: 1
2026-01-06 14:50:13,571 - INFO - Đăng nhập: 1
2026-01-06 14:50:15,327 - INFO - Đăng xuất: 1
2026-01-20 15:17:33,806 - INFO - Đăng nhập: 1
2026-02-23 11:00:45,695 - INFO - Đăng nhập: sybau
2026-02-28 10:19:59,809 - INFO - Đăng nhập: sybau
2026-03-01 10:29:27,814 - INFO - Đăng nhập: sybau
2026-03-01 18:14:07,085 - INFO - Đăng nhập: 1
2026-03-01 19:02:43,530 - INFO - Đăng xuất: 1
2026-03-01 19:02:47,697 - INFO - Đăng nhập: 1
2026-03-02 10:44:58,755 - INFO - Đăng nhập: 1
2026-03-02 12:15:00,361 - INFO - Đăng xuất: 1
2026-03-02 12:15:11,397 - INFO - Đăng nhập: 1
2026-03-02 12:23:10,770 - INFO - Đăng xuất: 1
2026-03-02 12:23:13,487 - INFO - Đăng nhập: 1
2026-03-02 12:23:19,806 - INFO - Đăng xuất: 1
2026-03-02 12:23:24,355 - INFO - Đăng nhập: 1
2026-03-03 09:26:13,669 - INFO - Đăng nhập: 1
2026-03-03 09:27:39,408 - INFO - Đăng xuất: 1
2026-03-03 09:32:09,989 - INFO - Đăng nhập: 1
2026-03-03 10:58:44,148 - INFO - Đăng nhập: 1
2026-03-03 11:04:03,320 - INFO - Đăng xuất: 1
2026-03-03 11:04:09,275 - INFO - Đăng nhập: 1
2026-03-04 12:25:54,744 - INFO - Đăng nhập: 1
2026-03-04 12:30:31,067 - INFO - Đăng xuất: 1
2026-03-04 12:30:31,744 - INFO - Đăng xuất: 1
2026-03-04 12:30:34,360 - INFO - Đăng nhập: 1
2026-03-04 12:30:35,121 - INFO - Đăng nhập: 1
2026-03-04 12:30:47,788 - INFO - Đăng nhập: 1
2026-03-07 11:01:54,451 - INFO - Đăng nhập: 1
2026-03-07 11:15:20,574 - INFO - Đăng xuất: 1
2026-03-07 11:15:21,752 - INFO - Đăng nhập: 1
2026-03-07 16:29:50,983 - INFO - Đăng nhập: 1
2026-03-07 16:30:07,684 - WARNING - Đổi tên thiết bị Moisture 5 thành SI Soil Moisture 5
2026-03-07 16:37:03,326 - WARNING - Đổi tên ruộng field_999 thành Ruộng ngo
2026-03-07 16:37:21,345 - WARNING - Đổi tên ruộng Ruộng ngo thành Ruộng ngô
2026-03-07 16:43:55,660 - WARNING - Đổi tên ruộng Ruộng ngô thành field_999
2026-03-07 16:46:57,280 - WARNING - Đổi tên ruộng None thành None
2026-03-07 16:47:16,012 - WARNING - Đổi tên ruộng None thành None
2026-03-07 16:52:09,752 - WARNING - Đổi tên ruộng field_999 thành None
2026-03-07 16:56:06,205 - WARNING - Đổi tên ruộng field_999 thành Ruộng ngô
2026-03-07 16:56:54,021 - WARNING - Đổi tên ruộng field_1 thành Ruộng dâu
2026-03-09 10:41:34,270 - INFO - Đăng nhập: 1
2026-03-09 10:43:35,590 - INFO - Đăng xuất: 1
2026-03-09 10:43:37,207 - INFO - Đăng nhập: 1
2026-03-09 10:47:48,325 - INFO - Đăng xuất: 1
2026-03-09 10:48:00,910 - INFO - Đăng nhập: 1
2026-03-09 10:48:55,808 - INFO - Đăng xuất: 1
2026-03-09 10:49:30,451 - INFO - Đăng nhập: 1
2026-03-09 10:50:00,759 - WARNING - Đổi tên ruộng field_999 thành Strawberry fields
2026-03-10 09:29:12,765 - INFO - Đăng nhập: 1
2026-03-10 09:29:40,417 - WARNING - Đổi tên ruộng field_999 thành Ho Nguyen Anh Tuan
2026-03-10 09:30:18,639 - WARNING - Đổi tên ruộng field_999 thành Cu Trung
2026-03-10 09:30:29,861 - INFO - Đăng xuất: 1
2026-03-10 09:30:42,480 - INFO - Đăng nhập: 1
2026-03-10 09:46:14,633 - WARNING - Đổi tên ruộng field_999 thành Ruộng ngô
2026-03-10 09:46:38,240 - WARNING - Đổi tên thiết bị SI Soil Moisture 5 thành Air Sensor 5
2026-03-10 10:28:38,479 - WARNING - Đổi tên thiết bị  Rice Field thành Humid Sensor 67
2026-03-10 12:08:52,083 - INFO - Đăng nhập: 1
2026-03-16 17:20:01,595 - INFO - Đăng nhập: sybau
2026-03-16 17:46:49,513 - INFO - Đăng xuất: sybau
2026-03-16 17:46:51,853 - INFO - Đăng nhập: 1
2026-03-16 17:49:58,284 - INFO - Đăng xuất: 1
2026-03-16 20:30:55,099 - INFO - Đăng nhập: 1
2026-03-18 16:56:16,104 - INFO - Đăng xuất: HNAT
2026-03-18 16:59:30,305 - INFO - Đăng xuất: HNAT
2026-03-18 17:04:36,356 - INFO - Đăng xuất: HNAT
2026-03-18 17:06:48,787 - INFO - Đăng xuất: HNAT
2026-03-18 17:21:38,975 - INFO - Đăng xuất: HNAT
2026-03-19 10:58:57,165 - INFO - Đăng nhập: 1
2026-03-25 09:24:07,654 - INFO - Đăng nhập: 1
2026-03-25 09:24:28,192 - INFO - Đăng xuất: 1
2026-03-25 09:24:45,363 - INFO - Đăng nhập: 1
2026-03-25 09:29:47,696 - INFO - Đăng xuất: 1
2026-03-25 09:33:22,065 - WARNING - Đặt lại mật khẩu: HNAT
2026-03-25 09:33:48,166 - INFO - Đăng nhập: 1
2026-03-25 09:45:29,160 - INFO - Đăng xuất: 1
2026-03-25 09:45:50,616 - INFO - Đăng nhập: 1
2026-03-25 09:45:58,480 - INFO - Đăng xuất: 1
2026-03-25 09:46:15,029 - INFO - Đăng nhập: 1
2026-03-25 10:01:00,783 - INFO - Đăng xuất: 1
2026-03-25 10:01:08,186 - INFO - Đăng nhập: HNAT
2026-03-25 10:10:09,824 - INFO - Đăng xuất: HNAT
2026-03-25 10:10:12,296 - INFO - Đăng nhập: 1
2026-03-25 10:10:24,500 - INFO - Đăng xuất: 1
2026-03-25 10:10:37,779 - INFO - Đăng nhập: sybau
2026-03-25 10:12:25,556 - INFO - Đăng xuất: sybau
2026-03-25 10:12:52,478 - INFO - Đăng nhập: 1
2026-03-25 10:13:17,143 - INFO - Đăng xuất: 1
2026-03-25 10:14:47,942 - INFO - Đăng nhập: HNAT
2026-03-25 10:15:23,486 - INFO - Đăng xuất: HNAT
2026-03-25 10:15:25,232 - INFO - Đăng nhập: 1
2026-03-25 10:34:49,442 - WARNING - Đổi tên ruộng field_1 thành Ruộng dâu
2026-03-25 21:38:14,592 - INFO - Đăng nhập: 1
2026-03-26 09:34:24,669 - INFO - Đăng nhập: 1
2026-03-26 09:35:56,070 - WARNING - Đổi tên thiết bị Air Sensor 5 thành SI Outdoor Sensor 1
2026-03-26 09:36:16,753 - WARNING - Đổi tên thiết bị SI Soil Moisture 8 thành SI Soil Moisture 1
2026-03-26 09:36:24,647 - WARNING - Đổi tên thiết bị Humid Sensor 8 thành SI Soil Moisture 2
2026-03-31 15:25:12,059 - INFO - Đăng nhập: 1
2026-04-02 07:30:31,720 - INFO - Đăng nhập: 1
2026-04-02 07:33:01,950 - WARNING - Đặt lại mật khẩu: admin01
2026-04-02 07:35:31,665 - WARNING - Đặt lại mật khẩu: admin01
2026-04-02 07:35:52,940 - INFO - Đăng xuất: 1
2026-04-02 07:35:57,697 - INFO - Đăng nhập: admin01
2026-04-02 07:36:29,666 - INFO - Đăng xuất: admin01
2026-04-02 07:36:32,000 - INFO - Đăng nhập: 1
2026-04-02 08:32:50,655 - INFO - Đăng xuất: 1
2026-04-02 08:32:54,689 - INFO - Đăng nhập: 1
2026-04-02 08:33:46,782 - INFO - Đăng xuất: 1
2026-04-02 08:33:48,749 - INFO - Đăng nhập: 1
2026-04-02 14:33:50,693 - INFO - Đăng xuất: 1
2026-04-02 14:36:38,243 - INFO - Đăng nhập: 1
2026-04-02 14:36:38,545 - INFO - Đăng nhập: 1
2026-04-02 14:36:41,311 - INFO - Đăng nhập: 1
2026-04-02 14:37:05,856 - INFO - Đăng nhập: 1
2026-04-02 14:38:05,385 - INFO - Đăng xuất: 1
2026-04-02 14:38:10,638 - INFO - Đăng nhập: admin01
2026-04-02 15:02:06,973 - INFO - Đăng nhập: admin01
2026-04-02 15:04:58,452 - WARNING - Xóa tài khoản: ndlice
2026-04-02 15:04:58,454 - WARNING - Xóa tài khoản: ndlice
2026-04-02 15:43:00,840 - WARNING - Tạo ruộng: 003
2026-04-02 15:43:49,901 - WARNING - Thêm user admin01 vào ruộng 003
2026-04-02 15:44:27,196 - WARNING - Thêm user nlice vào ruộng 003
2026-04-02 15:46:34,772 - WARNING - Xóa tài khoản: nlice
2026-04-02 15:46:34,782 - WARNING - Xóa tài khoản: nlice
2026-04-02 15:48:12,639 - INFO - Đăng xuất: admin01
2026-04-02 15:48:14,670 - INFO - Đăng nhập: 1
2026-04-02 15:48:47,234 - INFO - Đăng xuất: 1
2026-04-02 15:48:50,732 - INFO - Đăng nhập: 1
2026-04-02 15:49:00,273 - INFO - Đăng xuất: 1
2026-04-02 15:49:42,307 - INFO - Đăng nhập: admin01
2026-04-02 15:55:12,405 - WARNING - Xóa ruộng: 003
2026-04-02 15:55:26,575 - WARNING - Tạo ruộng: 003
2026-04-02 15:55:51,876 - WARNING - Thêm user admin01 vào ruộng 003
2026-04-02 15:56:41,473 - WARNING - Xóa ruộng: 003
2026-04-02 15:56:45,799 - WARNING - Tạo ruộng: 003
2026-04-02 15:56:53,564 - WARNING - Thêm user admin01 vào ruộng 003
2026-04-02 16:10:46,633 - WARNING - Thêm user lice vào ruộng 003
2026-04-02 16:11:02,733 - WARNING - Thêm user slice vào ruộng 001
2026-04-02 16:29:41,742 - WARNING - Dọn dẹp dữ liệu ruộng 002
2026-04-02 16:29:58,798 - WARNING - Dọn dẹp dữ liệu ruộng 002
2026-04-02 16:30:16,155 - WARNING - Dọn dẹp dữ liệu ruộng 002
2026-04-02 16:33:53,214 - WARNING - Dọn dẹp dữ liệu ruộng 002
2026-04-03 07:22:16,351 - INFO - Đăng xuất: admin01
2026-04-03 07:22:20,303 - INFO - Đăng nhập: 1
2026-04-03 07:24:40,115 - INFO - Đăng xuất: 1
2026-04-03 07:24:44,707 - INFO - Đăng nhập: admin01
2026-04-03 07:25:25,744 - WARNING - Tạo ruộng: 004
2026-04-03 07:26:05,621 - WARNING - Thêm user sybau vào ruộng 004
2026-04-03 07:27:14,304 - WARNING - Xóa ruộng: 004
2026-04-03 07:27:22,463 - WARNING - Thêm user admin01 vào ruộng 003
2026-04-03 07:27:32,858 - WARNING - Dọn dẹp dữ liệu ruộng 003
2026-04-03 07:29:38,128 - WARNING - Tạo ruộng: 004
2026-04-03 07:32:01,190 - WARNING - Tạo ruộng: 005
2026-04-03 07:32:38,489 - WARNING - Thêm user admin01 vào ruộng 004
2026-04-03 07:32:54,371 - WARNING - Thêm user lice vào ruộng 004
2026-04-03 16:15:22,688 - INFO - Đăng nhập: admin01
2026-04-03 16:15:49,882 - WARNING - Xóa tài khoản: sybau
2026-04-03 16:15:49,883 - WARNING - Xóa tài khoản: sybau
2026-04-03 16:28:43,740 - INFO - Đăng xuất: admin01
2026-04-03 16:29:09,840 - INFO - Đăng nhập: admin01
2026-04-03 16:29:47,380 - INFO - Đăng xuất: admin01
2026-04-03 16:36:55,060 - INFO - Đăng nhập: admin
2026-04-03 16:40:29,647 - INFO - Đăng nhập: admin
2026-04-03 16:44:02,927 - INFO - Đăng nhập: admin
2026-04-03 16:44:55,446 - INFO - Đăng xuất: admin
2026-04-03 16:44:58,131 - INFO - Đăng nhập: admin
2026-04-03 16:46:23,404 - INFO - Đăng xuất: admin
2026-04-03 16:46:27,123 - INFO - Đăng nhập: admin
2026-04-03 16:46:52,664 - INFO - Đăng ký: a
2026-04-03 16:48:43,076 - INFO - Đăng ký: b
2026-04-03 16:48:46,662 - INFO - Đăng ký: c
2026-04-03 16:48:50,156 - INFO - Đăng ký: d
2026-04-03 16:48:55,152 - INFO - Đăng ký: e
2026-04-03 16:49:00,610 - INFO - Đăng ký: f
2026-04-03 16:49:03,603 - INFO - Đăng ký: g
2026-04-03 16:51:51,774 - INFO - Đăng xuất: admin
2026-04-03 16:51:54,693 - INFO - Đăng nhập: admin
2026-04-03 16:52:43,179 - WARNING - Tạo ruộng: 005
2026-04-03 16:52:47,832 - WARNING - Tạo ruộng: 006
2026-04-03 16:52:54,443 - WARNING - Tạo ruộng: 007
2026-04-03 16:55:45,894 - WARNING - Xóa ruộng: 001
2026-04-03 16:55:45,896 - WARNING - Xóa ruộng: 001
2026-04-03 16:55:45,903 - WARNING - Xóa ruộng: 004
2026-04-03 16:55:45,903 - WARNING - Xóa ruộng: 004
2026-04-03 16:56:00,800 - WARNING - Xóa ruộng: 006
2026-04-03 16:56:00,810 - WARNING - Xóa ruộng: 007
2026-04-03 16:56:22,770 - WARNING - Xóa ruộng: 002
2026-04-03 16:56:22,779 - WARNING - Xóa ruộng: 003
2026-04-03 16:56:22,785 - WARNING - Xóa ruộng: 005
2026-04-03 16:56:26,710 - WARNING - Tạo ruộng: 001
2026-04-03 16:56:29,868 - WARNING - Tạo ruộng: 001
2026-04-03 16:56:33,034 - WARNING - Tạo ruộng: 002
2026-04-03 16:56:36,272 - WARNING - Tạo ruộng: 003
2026-04-03 16:56:39,177 - WARNING - Tạo ruộng: 004
2026-04-03 16:56:42,464 - WARNING - Tạo ruộng: 005
2026-04-03 16:56:47,213 - WARNING - Tạo ruộng: 006
2026-04-03 16:56:52,099 - WARNING - Tạo ruộng: 007
2026-04-03 16:56:54,848 - WARNING - Tạo ruộng: 008
2026-04-03 16:56:59,636 - WARNING - Tạo ruộng: 009
2026-04-03 16:57:04,362 - WARNING - Tạo ruộng: 010
2026-04-03 16:58:32,170 - WARNING - Thêm user 1 vào ruộng 001
2026-04-03 17:02:20,501 - WARNING - Thêm user HNAT vào ruộng 002
2026-04-03 17:05:27,626 - WARNING - Dọn dẹp dữ liệu ruộng 001
2026-04-03 17:05:27,632 - WARNING - Dọn dẹp dữ liệu ruộng 002
2026-04-03 17:05:52,867 - INFO - Đăng nhập: admin
2026-04-03 17:06:13,717 - INFO - Đăng xuất: admin
2026-04-03 17:06:35,754 - INFO - Đăng nhập: admin
2026-04-03 17:08:59,428 - INFO - Đăng nhập: admin
2026-04-03 17:09:06,426 - WARNING - Thêm user 1 vào ruộng 001
2026-04-03 17:09:15,508 - WARNING - Thêm user HNAT vào ruộng 002
2026-04-03 17:09:31,347 - WARNING - Thêm user slice vào ruộng 003
2026-04-03 17:09:49,320 - WARNING - Dọn dẹp dữ liệu ruộng 003
2026-04-03 17:12:43,865 - INFO - Đăng nhập: admin
2026-04-03 17:12:52,423 - WARNING - Dọn dẹp dữ liệu ruộng 002
2026-04-03 17:13:02,416 - WARNING - Thêm user HNAT vào ruộng 003
2026-04-03 17:13:08,486 - WARNING - Dọn dẹp dữ liệu ruộng 003
2026-04-03 17:22:03,962 - INFO - Đăng nhập: 1
2026-04-03 17:22:18,287 - INFO - Đăng nhập: admin
2026-04-03 17:26:21,404 - INFO - Đăng nhập: admin
2026-04-03 17:26:41,186 - INFO - Đăng nhập: 1
2026-04-03 20:17:28,426 - INFO - Đăng nhập: admin
2026-04-03 20:20:21,697 - INFO - Đăng nhập: admin
2026-04-03 20:20:35,543 - INFO - Đăng nhập: 1
2026-04-03 20:25:03,886 - INFO - Đăng nhập: admin
2026-04-03 20:25:15,388 - INFO - Đăng nhập: 1
2026-04-03 20:26:33,346 - INFO - Đăng nhập: 1
2026-04-03 20:29:46,816 - INFO - Đăng nhập: admin
2026-04-03 20:30:00,759 - INFO - Đăng nhập: 1
2026-04-03 20:30:51,001 - INFO - Đăng xuất: 1
2026-04-03 20:30:52,616 - INFO - Đăng nhập: 1
2026-04-03 20:34:11,459 - INFO - Đăng nhập: admin
2026-04-03 20:34:21,282 - INFO - Đăng nhập: 1
2026-04-03 21:20:26,957 - INFO - Đăng nhập: admin
2026-04-03 21:20:39,403 - INFO - Đăng nhập: 1
2026-04-03 21:27:39,323 - INFO - Đăng nhập: 1
2026-04-03 21:27:47,031 - INFO - Đăng nhập: admin
2026-04-03 21:28:45,959 - WARNING - Đổi tên ruộng 001 thành Strawberry
2026-04-03 21:30:04,509 - INFO - Đăng nhập: admin
2026-04-03 21:30:32,699 - INFO - Đăng nhập: 1
2026-04-03 21:35:24,085 - INFO - Đăng nhập: 1
2026-04-03 21:35:30,225 - INFO - Đăng nhập: admin
2026-04-03 21:39:58,620 - INFO - Đăng nhập: 1
2026-04-03 21:40:03,752 - INFO - Đăng nhập: admin
2026-04-03 21:40:38,882 - INFO - Đăng nhập: 1
2026-04-04 21:47:42,792 - INFO - Đăng nhập: 1
2026-04-04 21:48:57,050 - INFO - Đăng xuất: 1
2026-04-04 21:49:17,179 - INFO - Đăng nhập: admin
2026-04-04 21:49:52,536 - INFO - Đăng xuất: admin
2026-04-04 21:49:54,787 - INFO - Đăng nhập: 1
2026-04-04 21:55:50,171 - INFO - Đăng nhập: 1
2026-04-04 22:00:41,116 - INFO - Đăng nhập: 1
2026-04-04 22:00:47,455 - INFO - Đăng xuất: 1
2026-04-04 22:01:00,895 - INFO - Đăng nhập: admin
2026-04-27 19:04:59,374 - INFO - Đăng ký: trung
2026-04-27 19:05:03,676 - INFO - Đăng nhập: trung
2026-04-27 19:05:28,609 - INFO - Đăng nhập: 1
2026-04-27 19:30:09,507 - INFO - Đăng nhập: 1
2026-04-27 19:31:39,813 - INFO - Đăng nhập: 1
2026-04-27 19:46:12,500 - WARNING - Đổi tên thiết bị SI Outdoor Sensor 1 thành SI Outdoor Sensor 2
2026-04-27 19:46:16,679 - INFO - Đăng nhập: 1
2026-04-27 19:46:48,402 - WARNING - Đổi tên thiết bị SI Outdoor Sensor 2 thành SI Outdoor Sensor 1
2026-04-27 20:01:59,870 - INFO - Đăng nhập: 1
2026-04-27 20:13:35,545 - INFO - Đăng nhập: 1
2026-04-27 20:14:17,709 - INFO - Đăng xuất: 1
2026-04-27 20:14:19,007 - INFO - Đăng nhập: 1
2026-04-27 20:20:43,955 - INFO - Đăng nhập: 1
2026-05-01 11:10:20,565 - INFO - Đăng nhập: 1
2026-05-03 12:00:20,438 - INFO - Đăng nhập: 1
2026-05-03 12:05:24,079 - INFO - Đăng nhập: 1
2026-05-03 12:08:22,021 - WARNING - Đổi tên thiết bị SI Soil Moisture 1 thành SI Soil Moisture 8
2026-05-03 12:53:53,519 - INFO - Đăng nhập: 1
2026-05-03 13:03:42,293 - INFO - Đăng nhập: 1
2026-05-03 13:04:34,897 - INFO - Đăng nhập: 1
2026-05-03 19:01:12,053 - INFO - Đăng nhập: 1
2026-05-03 19:01:40,911 - INFO - Đăng nhập: 1
2026-05-03 19:03:02,239 - INFO - Đăng nhập: 1
2026-05-03 19:05:24,238 - INFO - Đăng nhập: 1
2026-05-03 19:09:28,749 - WARNING - Đổi tên thiết bị SI Soil Moisture 8 thành SI Soil Moisture 1
2026-05-03 19:28:43,328 - INFO - Đăng nhập: 1
2026-05-03 19:35:54,333 - WARNING - Đổi tên thiết bị SI Soil Moisture 1 thành SI Soil Moisture 8
2026-05-03 19:37:02,622 - INFO - Đăng nhập: 1
2026-05-03 19:51:01,852 - WARNING - Đổi tên thiết bị SI Soil Moisture 8 thành SI Soil Moisture 1
2026-05-03 19:54:51,211 - INFO - Đăng nhập: 1
2026-05-03 20:01:01,982 - INFO - Đăng nhập: 1
2026-05-03 20:01:35,348 - INFO - Đăng xuất: 1
2026-05-03 20:01:37,519 - INFO - Đăng nhập: 1
2026-05-03 20:07:33,814 - INFO - Đăng nhập: 1
2026-05-04 19:10:15,038 - INFO - Đăng nhập: 1
2026-05-04 19:35:53,092 - INFO - Đăng nhập: 1
2026-05-04 19:37:09,746 - INFO - Đăng nhập: 1
2026-05-04 19:38:07,189 - INFO - Đăng nhập: 1
2026-05-04 19:40:11,547 - INFO - Đăng nhập: 1
2026-05-04 19:42:38,394 - INFO - Đăng nhập: 1
2026-05-04 19:53:31,638 - INFO - Đăng nhập: 1
2026-05-06 14:44:44,561 - INFO - Đăng nhập: 1
2026-05-06 15:08:28,165 - INFO - Đăng nhập: 1
2026-05-06 15:09:47,537 - INFO - Đăng xuất: 1
2026-05-06 15:10:05,098 - INFO - Đăng nhập: admin
2026-05-06 16:18:07,387 - INFO - Đăng nhập: admin
2026-05-07 13:09:05,013 - INFO - Đăng nhập: 1
2026-05-07 13:21:32,686 - INFO - Đăng nhập: 1
2026-05-07 13:24:06,439 - INFO - Đăng nhập: 1
2026-05-07 13:45:31,904 - INFO - Đăng nhập: 1
2026-05-07 14:32:31,640 - INFO - Đăng nhập: 1
2026-05-07 15:33:10,239 - INFO - Đăng nhập: 1
2026-05-08 17:07:50,930 - INFO - Đăng nhập: 1
2026-05-08 18:06:52,550 - INFO - Đăng nhập: 1
2026-05-08 11:43:25,493 - INFO - Đăng nhập: 1
2026-05-08 15:20:13,056 - INFO - Đăng nhập: 1
2026-05-08 15:34:04,254 - INFO - Đăng nhập: 1
2026-05-08 15:36:06,834 - INFO - Đăng nhập: 1
2026-05-08 15:36:24,020 - INFO - Đăng nhập: 1
2026-05-08 15:41:33,897 - INFO - Đăng nhập: 1
2026-05-08 15:43:20,754 - INFO - Đăng nhập: 1
2026-05-08 15:46:17,103 - INFO - Đăng nhập: 1
2026-05-08 17:59:31,771 - INFO - Đăng nhập: 1
2026-05-08 19:03:36,670 - INFO - Đăng nhập: 1
2026-05-08 20:05:29,308 - INFO - Đăng nhập: 1
2026-05-08 20:14:38,002 - INFO - Đăng nhập: 1
2026-05-09 15:32:34,533 - INFO - Đăng nhập: 1
2026-05-09 15:40:08,852 - INFO - Đăng nhập: 1
2026-05-09 15:42:33,940 - INFO - Đăng nhập: admin
2026-05-09 15:46:10,067 - WARNING - Xóa tài khoản: g
2026-05-09 16:00:51,368 - INFO - Đăng nhập: 1
2026-05-09 16:02:00,589 - WARNING - Tạo công việc None cho ruộng 001 vào ngày 2026-05-09 lúc 16:02:00 với thiết bị 8 và ngưỡng 0
2026-05-09 16:11:10,459 - INFO - Đăng nhập: 1
2026-05-09 16:11:42,278 - WARNING - Tạo công việc None cho ruộng 001 vào ngày 2026-05-09 lúc 16:12:00 với thiết bị 1 và ngưỡng 15
2026-05-09 16:12:37,067 - WARNING - Tạo công việc None cho ruộng 001 vào ngày 2026-05-09 lúc 16:13:00 với thiết bị 1 và ngưỡng 0
2026-05-09 16:15:41,610 - WARNING - Cập nhật công việc 6 cho ruộng 001 vào ngày 2026-05-09 lúc 16:16:00 với thiết bị 1 và ngưỡng 0
2026-05-09 16:16:42,516 - INFO - Đăng nhập: 1
2026-05-09 16:17:08,656 - WARNING - Tạo công việc None cho ruộng 001 vào ngày 2026-05-09 lúc 16:18:00 với thiết bị 1 và ngưỡng 10
2026-05-09 16:18:47,286 - WARNING - Tạo công việc None cho ruộng 001 vào ngày 2026-05-09 lúc 16:19:00 với thiết bị 1 và ngưỡng 0
2026-05-09 16:20:20,210 - WARNING - Cập nhật công việc 4 cho ruộng 001 vào ngày 2026-05-09 lúc 16:21:00 với thiết bị 8 và ngưỡng 0
2026-05-09 16:23:24,623 - INFO - Đăng nhập: 1
2026-05-09 16:23:44,044 - INFO - Đăng xuất: 1
2026-05-09 16:23:45,504 - INFO - Đăng nhập: 1
2026-05-09 16:26:31,186 - WARNING - Xóa công việc 8
2026-05-09 16:26:32,948 - WARNING - Xóa công việc 7
2026-05-09 16:26:34,755 - WARNING - Xóa công việc 6
2026-05-09 16:35:34,768 - INFO - Đăng nhập: 1
2026-05-09 16:40:24,368 - INFO - Đăng nhập: 1
2026-05-09 16:40:38,828 - WARNING - Tạo công việc None cho ruộng 001 vào ngày 2026-05-09 lúc 16:41:00 với thiết bị 1 và ngưỡng 5
2026-05-09 16:48:54,413 - INFO - Đăng nhập: admin
2026-05-09 16:48:54,430 - INFO - Đăng nhập: admin
2026-05-09 16:48:54,489 - INFO - Đăng nhập: admin
2026-05-09 16:51:39,101 - INFO - Đăng nhập: 1
2026-05-09 16:52:00,001 - WARNING - Cập nhật công việc 5 cho ruộng 001 vào ngày 2026-05-09 lúc 16:12:00 với thiết bị 1 và ngưỡng 15
2026-05-09 16:57:05,859 - INFO - Đăng nhập: 1
2026-05-09 16:57:20,065 - WARNING - Cập nhật công việc 9 cho ruộng 001 vào ngày 2026-05-09 lúc 16:58:00 với thiết bị 1 và ngưỡng 10
2026-05-09 17:55:45,825 - WARNING - Cập nhật công việc 2 cho ruộng 001 vào ngày 2026-05-09 lúc 17:56:00 với thiết bị 1 và ngưỡng 10
2026-05-09 18:00:06,778 - WARNING - Cập nhật công việc 2 cho ruộng 001 vào ngày 2026-05-09 lúc 18:01:00 với thiết bị 1 và ngưỡng 10
2026-05-09 18:05:07,306 - WARNING - Cập nhật công việc 2 cho ruộng 001 vào ngày 2026-05-09 lúc 18:06:00 với thiết bị 1 và ngưỡng 10
2026-05-09 19:46:27,113 - INFO - Đăng nhập: 1
2026-05-09 19:47:36,019 - WARNING - Cập nhật công việc 9 cho ruộng 001 vào ngày 2026-05-09 lúc 19:48:00 với thiết bị 1 và ngưỡng 10
2026-05-09 19:51:54,670 - WARNING - Cập nhật công việc 9 cho ruộng 001 vào ngày 2026-05-09 lúc 19:51:00 với thiết bị 1 và ngưỡng 10
2026-05-09 19:51:59,249 - WARNING - Cập nhật công việc 9 cho ruộng 001 vào ngày 2026-05-09 lúc 19:52:00 với thiết bị 1 và ngưỡng 10
2026-05-09 19:52:59,373 - WARNING - Cập nhật công việc 9 cho ruộng 001 vào ngày 2026-05-09 lúc 19:53:00 với thiết bị 1 và ngưỡng 10
2026-05-09 19:59:17,631 - INFO - Đăng nhập: 1
2026-05-09 19:59:27,215 - WARNING - Cập nhật công việc 9 cho ruộng 001 vào ngày 2026-05-09 lúc 20:00:00 với thiết bị 1 và ngưỡng 10
2026-05-09 20:01:28,709 - WARNING - Cập nhật công việc 5 cho ruộng 001 vào ngày 2026-05-09 lúc 20:02:00 với thiết bị 1 trong 1 giây
2026-05-09 20:04:13,342 - INFO - Đăng nhập: 1
2026-05-09 20:11:53,664 - INFO - Đăng nhập: 1
2026-05-09 20:12:07,625 - WARNING - Cập nhật công việc 5 cho ruộng 001 vào ngày 2026-05-09 lúc 20:13:00 với thiết bị 1 trong 1 giây
2026-05-09 20:18:12,610 - INFO - Đăng nhập: 1
2026-05-09 20:21:00,466 - WARNING - Cập nhật công việc 3 cho ruộng 001 vào ngày 2026-05-10 lúc 02:36:00 với thiết bị 1 trong 15 giây
2026-05-09 20:51:56,033 - INFO - Đăng nhập: 1
2026-05-09 20:52:18,093 - WARNING - Cập nhật công việc 4 cho ruộng 001 vào ngày 2026-05-09 lúc 20:53:00 với thiết bị 8 trong 1 giây
2026-05-09 20:52:28,750 - WARNING - Cập nhật công việc 4 cho ruộng 001 vào ngày 2026-05-09 lúc 20:53:00 với thiết bị 1 trong 1 giây
2026-05-09 20:55:51,530 - WARNING - Cập nhật công việc 4 cho ruộng 001 vào ngày 2026-05-10 lúc 20:53:00 với thiết bị 1 trong 1 giây
2026-05-09 20:55:55,861 - WARNING - Cập nhật công việc 4 cho ruộng 001 vào ngày 2026-05-10 lúc 20:55:00 với thiết bị 1 trong 1 giây
2026-05-09 20:56:01,247 - WARNING - Cập nhật công việc 4 cho ruộng 001 vào ngày 2026-05-10 lúc 20:57:00 với thiết bị 1 trong 1 giây
2026-05-09 20:57:34,656 - WARNING - Cập nhật công việc 5 cho ruộng 001 vào ngày 2026-05-10 lúc 20:58:00 với thiết bị 1 trong 1 giây
2026-05-09 21:02:32,465 - INFO - Đăng nhập: 1
2026-05-09 21:02:48,120 - WARNING - Xóa công việc 1
2026-05-09 21:02:52,351 - WARNING - Xóa công việc 2
2026-05-09 21:02:54,783 - WARNING - Xóa công việc 9
2026-05-09 21:02:56,752 - WARNING - Xóa công việc 5
2026-05-09 21:02:58,060 - WARNING - Xóa công việc 4
2026-05-09 21:02:59,356 - WARNING - Xóa công việc 3
2026-05-09 21:03:30,443 - WARNING - Tạo công việc None cho ruộng 001 vào ngày 2026-05-09 lúc 21:04:00 với thiết bị 1 và ngưỡng 10
2026-05-09 21:03:50,537 - WARNING - Tạo công việc None cho ruộng 001 vào ngày 2026-05-09 lúc 21:04:00 với thiết bị 1 trong 1 giây
2026-05-09 21:05:08,009 - WARNING - Xóa công việc 10
2026-05-09 21:05:44,381 - WARNING - Xóa công việc 11
2026-05-09 21:06:16,554 - WARNING - Tạo công việc None cho ruộng 001 vào ngày 2026-05-09 lúc 21:07:00 với thiết bị 1 và ngưỡng 10
2026-05-09 21:08:39,121 - WARNING - Xóa công việc 12
2026-05-09 21:08:54,509 - WARNING - Tạo công việc None cho ruộng 001 vào ngày 2026-05-09 lúc 21:09:00 với thiết bị 1 trong 1 giây
2026-05-09 21:15:41,363 - INFO - Đăng nhập: 1
2026-05-09 21:15:49,240 - WARNING - Cập nhật công việc 13 cho ruộng 001 vào ngày 2026-05-13 lúc 21:16:00 với thiết bị 1 trong 1 giây
2026-05-09 21:15:55,578 - WARNING - Cập nhật công việc 13 cho ruộng 001 vào ngày 2026-05-09 lúc 21:16:00 với thiết bị 1 trong 1 giây
2026-05-09 21:20:38,076 - WARNING - Cập nhật công việc 13 cho ruộng 001 vào ngày 2026-05-09 lúc 21:21:00 với thiết bị 1 và ngưỡng 10
2026-05-09 21:24:46,932 - INFO - Đăng nhập: 1
2026-05-09 21:24:54,855 - WARNING - Cập nhật công việc 13 cho ruộng 001 vào ngày 2026-05-09 lúc 21:25:00 với thiết bị 1 và ngưỡng 10
2026-05-09 21:25:35,779 - WARNING - Cập nhật công việc 13 cho ruộng 001 vào ngày 2026-05-16 lúc 21:25:00 với thiết bị 1 và ngưỡng 10
2026-05-09 21:25:45,393 - WARNING - Cập nhật công việc 13 cho ruộng 001 vào ngày 2026-05-09 lúc 21:25:00 với thiết bị 1 và ngưỡng 10
2026-05-09 21:25:55,077 - WARNING - Cập nhật công việc 13 cho ruộng 001 vào ngày 2026-05-09 lúc 21:26:00 với thiết bị 1 và ngưỡng 10
2026-05-09 21:33:18,914 - INFO - Đăng nhập: 1
2026-05-09 21:33:36,686 - WARNING - Cập nhật công việc 13 cho ruộng 001 vào ngày 2026-05-09 lúc 21:34:00 với thiết bị 1 và ngưỡng 10
2026-05-09 21:33:48,551 - WARNING - Cập nhật công việc 13 cho ruộng 001 vào ngày 2026-05-09 lúc 21:34:00 với thiết bị 1 trong 1 giây
2026-05-09 21:34:36,732 - WARNING - Cập nhật công việc 13 cho ruộng 001 vào ngày 2026-05-09 lúc 21:35:00 với thiết bị 1 trong 1 giây
2026-05-09 21:34:50,564 - WARNING - Cập nhật công việc 13 cho ruộng 001 vào ngày 2026-05-09 lúc 21:35:00 với thiết bị 1 trong 1 giây
2026-05-09 21:38:03,243 - INFO - Đăng nhập: 1
2026-05-09 21:38:23,692 - WARNING - Tạo công việc None cho ruộng 001 vào ngày 2026-05-09 lúc 21:39:00 với thiết bị 1 trong 1 giây
2026-05-09 21:39:34,759 - WARNING - Tạo công việc None cho ruộng 001 vào ngày 2026-05-09 lúc 21:40:00 với thiết bị 1 trong 1 giây
2026-05-09 21:47:48,021 - WARNING - Tạo công việc None cho ruộng 001 vào ngày 2026-05-09 lúc 21:48:00 với thiết bị 1 trong 1 giây
2026-05-09 21:49:04,555 - WARNING - Tạo công việc None cho ruộng 001 vào ngày 2026-05-09 lúc 21:51:00 với thiết bị 1 trong 1 giây
2026-05-09 21:49:19,826 - WARNING - Cập nhật công việc 16 cho ruộng 001 vào ngày 2026-05-09 lúc 21:50:00 với thiết bị 1 trong 1 giây
2026-05-09 21:49:26,388 - WARNING - Xóa công việc 17
2026-05-09 21:50:56,556 - WARNING - Cập nhật công việc 16 cho ruộng 001 vào ngày 2026-05-09 lúc 21:50:00 với thiết bị 1 trong 1 giây
2026-05-09 22:02:24,017 - WARNING - Xóa công việc 16
2026-05-09 22:02:44,726 - WARNING - Tạo công việc None cho ruộng 001 vào ngày 2026-05-09 lúc 22:03:00 với thiết bị 2 trong 1 giây
2026-05-09 22:03:38,668 - WARNING - Tạo công việc None cho ruộng 001 vào ngày 2026-05-09 lúc 22:04:00 với thiết bị 3 trong 1 giây
2026-05-09 22:04:25,411 - WARNING - Tạo công việc None cho ruộng 001 vào ngày 2026-05-09 lúc 22:05:00 với thiết bị 5 trong 1 giây
2026-05-09 22:05:25,685 - WARNING - Tạo công việc None cho ruộng 001 vào ngày 2026-05-09 lúc 22:06:00 với thiết bị 7 trong 1 giây
2026-05-09 22:05:51,749 - WARNING - Tạo công việc None cho ruộng 001 vào ngày 2026-05-09 lúc 22:06:00 với thiết bị 6 trong 1 giây
2026-05-09 22:06:41,357 - WARNING - Tạo công việc None cho ruộng 001 vào ngày 2026-05-09 lúc 22:07:00 với thiết bị 4 trong 1 giây
2026-05-09 22:07:48,704 - WARNING - Tạo công việc None cho ruộng 001 vào ngày 2026-05-09 lúc 22:08:00 với thiết bị 1 và ngưỡng 10
2026-05-09 22:11:20,033 - WARNING - Tạo công việc None cho ruộng 001 vào ngày 2026-05-09 lúc 22:12:00 với thiết bị 1 và ngưỡng 10
2026-05-09 22:12:54,117 - WARNING - Xóa công việc 24
2026-05-09 22:12:57,986 - WARNING - Cập nhật công việc 25 cho ruộng 001 vào ngày 2026-05-10 lúc 22:13:00 với thiết bị 1 và ngưỡng 10
2026-05-09 22:13:10,649 - WARNING - Cập nhật công việc 25 cho ruộng 001 vào ngày 2026-05-09 lúc 22:14:00 với thiết bị 1 và ngưỡng 10
2026-05-09 22:13:33,159 - WARNING - Tạo công việc None cho ruộng 001 vào ngày  lúc :00 với thiết bị 1 và ngưỡng -1
2026-05-09 22:13:40,635 - WARNING - Cập nhật công việc 26 cho ruộng 001 vào ngày  lúc 22:14:00 với thiết bị 1 và ngưỡng -1
2026-05-09 22:14:51,216 - WARNING - Cập nhật công việc 25 cho ruộng 001 vào ngày 2026-05-09 lúc 22:15:00 với thiết bị 8 và ngưỡng 10
2026-05-09 22:31:26,112 - INFO - Đăng nhập: 1
2026-05-09 22:34:44,410 - INFO - Đăng nhập: 1
2026-05-09 22:34:51,795 - WARNING - Xóa công việc 25
2026-05-09 22:35:33,703 - WARNING - Xóa công việc 26
2026-05-09 22:35:44,300 - WARNING - Tạo công việc None cho ruộng 001 vào ngày 2026-05-09 lúc 22:36:00 với thiết bị 8 và ngưỡng 10
2026-05-09 22:37:08,782 - INFO - Đăng nhập: 1
2026-05-09 22:38:04,225 - WARNING - Xóa công việc 27
2026-05-09 22:38:05,546 - WARNING - Xóa công việc 21
2026-05-09 22:38:06,935 - WARNING - Xóa công việc 19
2026-05-09 22:38:08,164 - WARNING - Xóa công việc 18
2026-05-10 00:10:18,326 - INFO - Đăng nhập: 1
2026-05-13 20:09:41,844 - INFO - Đăng nhập: 1
2026-05-13 20:44:45,193 - INFO - Đăng nhập: 1
2026-05-13 21:12:47,517 - INFO - Đăng nhập: 1
2026-05-13 21:13:28,575 - WARNING - Tạo công việc None cho ruộng 001 vào ngày 2026-05-13 lúc 01:01:00 với thiết bị 1 trong 1 giây
2026-05-13 22:26:35,576 - INFO - Đăng nhập: 1
2026-05-15 10:17:18,935 - INFO - Đăng nhập: admin
2026-05-15 10:17:41,622 - WARNING - Xóa tài khoản: f
2026-05-15 10:17:41,623 - WARNING - Xóa tài khoản: f
2026-05-15 10:18:51,887 - WARNING - Thêm user trung vào ruộng 002
2026-05-15 10:19:17,879 - WARNING - Thêm user HNAT vào ruộng 002
2026-05-15 10:36:52,914 - INFO - Đăng nhập: admin
2026-05-15 10:42:30,662 - INFO - Đăng nhập: admin
2026-05-15 10:44:18,207 - INFO - Đăng nhập: admin
2026-05-15 10:57:51,613 - WARNING - Thêm user HNAT vào ruộng 002
2026-05-15 10:58:14,743 - WARNING - Xóa ruộng: 003
2026-05-15 10:59:22,696 - INFO - Đăng xuất: admin
2026-05-15 10:59:24,602 - INFO - Đăng nhập: 1
2026-05-15 11:00:06,266 - WARNING - Xóa công việc 28
2026-05-15 11:16:45,344 - WARNING - Tạo công việc None cho ruộng 001 vào ngày 2026-05-15 lúc 11:17:00 với thiết bị 1 trong 1 giây
2026-05-15 15:07:16,107 - INFO - Đăng xuất: 1
2026-05-15 15:07:26,680 - INFO - Đăng nhập: 1
2026-05-15 15:16:28,677 - INFO - Đăng xuất: 1
2026-05-15 15:16:34,149 - INFO - Đăng nhập: admin
2026-05-15 15:16:43,996 - WARNING - Xóa ruộng: 002
2026-05-15 15:16:57,000 - INFO - Đăng nhập: 1
2026-05-15 15:18:43,544 - INFO - Đăng nhập: admin
2026-05-15 15:18:51,882 - WARNING - Tạo ruộng: 002
2026-05-15 15:23:21,544 - INFO - Đăng nhập: 1
2026-05-15 15:24:35,396 - INFO - Đăng nhập: admin
2026-05-15 15:24:38,235 - INFO - Đăng xuất: admin
2026-05-15 15:24:40,246 - INFO - Đăng nhập: 1
2026-05-15 15:27:29,178 - INFO - Đăng nhập: admin
2026-05-15 15:28:46,994 - INFO - Đăng nhập: admin
2026-05-15 15:28:51,255 - INFO - Đăng nhập: 1
2026-05-15 15:28:57,029 - WARNING - Xóa ruộng: 002
2026-05-15 16:12:51,050 - INFO - Đăng nhập: 1
2026-05-15 16:15:38,922 - INFO - Đăng nhập: 1
2026-05-15 16:41:25,817 - INFO - Đăng nhập: 1
